<?xml version="1.0" encoding="UTF-8"?>
<!-- Generated by org.testng.reporters.JUnitReportReporter -->
<testsuite hostname="DESKTOP-PS7K9SR" failures="0" tests="1" name="com.truepush.qa.testcases.PostTrigger" time="1.428" errors="0" timestamp="2022-11-03T18:07:06 IST" skipped="0">
  <testcase classname="com.truepush.qa.testcases.PostTrigger" name="validateTriggerAPI" time="1.428"/>
  <system-out/>
</testsuite> <!-- com.truepush.qa.testcases.PostTrigger -->
