<?xml version="1.0" encoding="UTF-8"?>
<!-- Generated by org.testng.reporters.JUnitReportReporter -->
<testsuite hostname="DESKTOP-PS7K9SR" failures="0" tests="1" name="com.truepush.qa.testcases.ChangeTriggerStatus" time="1.452" errors="0" timestamp="2022-11-02T17:36:09 IST" skipped="0">
  <testcase classname="com.truepush.qa.testcases.ChangeTriggerStatus" name="validateTriggerStatus" time="1.452"/>
  <system-out/>
</testsuite> <!-- com.truepush.qa.testcases.ChangeTriggerStatus -->
