<?xml version="1.0" encoding="UTF-8"?>
<!-- Generated by org.testng.reporters.JUnitReportReporter -->
<testsuite hostname="DESKTOP-PS7K9SR" failures="0" tests="1" name="com.truepush.qa.testcases.ListSegments" time="1.377" errors="0" timestamp="2022-11-03T18:04:04 IST" skipped="0">
  <testcase classname="com.truepush.qa.testcases.ListSegments" name="validatePostSegment" time="1.377"/>
  <system-out/>
</testsuite> <!-- com.truepush.qa.testcases.ListSegments -->
