<?xml version="1.0" encoding="UTF-8"?>
<!-- Generated by org.testng.reporters.JUnitReportReporter -->
<testsuite hostname="DESKTOP-PS7K9SR" failures="0" tests="1" name="com.truepush.qa.testcases.Postcampaign" time="4.071" errors="0" timestamp="2022-11-05T10:26:54 IST" skipped="0">
  <testcase classname="com.truepush.qa.testcases.Postcampaign" name="validatePostCampaignAPI" time="4.071"/>
  <system-out/>
</testsuite> <!-- com.truepush.qa.testcases.Postcampaign -->
