<?xml version="1.0" encoding="UTF-8"?>
<!-- Generated by org.testng.reporters.JUnitReportReporter -->
<testsuite hostname="DESKTOP-PS7K9SR" failures="0" tests="1" name="com.truepush.qa.testcases.ListTriggers" time="1.473" errors="0" timestamp="2022-11-03T18:04:53 IST" skipped="0">
  <testcase classname="com.truepush.qa.testcases.ListTriggers" name="validateTriggerApi" time="1.473"/>
  <system-out/>
</testsuite> <!-- com.truepush.qa.testcases.ListTriggers -->
